<?xml version="1.0" encoding="UTF-8"?>
<!-- Generated by org.testng.reporters.JUnitXMLReporter -->
<testsuite hostname="KAKAS" ignored="0" tests="1" failures="0" timestamp="2021-12-13T11:18:35 EST" time="0.062" errors="0">
  <testcase name="@BeforeSuite SetUpConfigurations" time="0.031" classname="com.automationbyniyati.components.TestActions">
    <failure type="java.io.FileNotFoundException" message="C:\Users\Harshit Patel\Downloads\SeleniumAutomationLibrary\src\test\resources\Config.properties (The system cannot find the file specified)">
      <![CDATA[java.io.FileNotFoundException: C:\Users\Harshit Patel\Downloads\SeleniumAutomationLibrary\src\test\resources\Config.properties (The system cannot find the file specified)
at java.io.FileInputStream.open0(Native Method)
at java.io.FileInputStream.open(FileInputStream.java:195)
at java.io.FileInputStream.<init>(FileInputStream.java:138)
at com.automationbyniyati.properties.PropertiesLoader.initializeProperties(PropertiesLoader.java:33)
at com.automationbyniyati.components.TestActions.SetUpConfigurations(TestActions.java:21)
... Removed 28 stack frames]]>
    </failure>
  </testcase> <!-- @BeforeSuite SetUpConfigurations -->
  <testcase name="@BeforeMethod SetUpBrowser" time="-1.639412315021E9" classname="com.automationbyniyati.components.TestActions">
    <skipped/>
  </testcase> <!-- @BeforeMethod SetUpBrowser -->
  <testcase name="@AfterMethod TearDownBrowser" time="-1.639412315021E9" classname="com.automationbyniyati.components.TestActions">
    <skipped/>
  </testcase> <!-- @AfterMethod TearDownBrowser -->
  <testcase name="loadBrowserTest" time="0.0" classname="SampleTest">
    <skipped/>
  </testcase> <!-- loadBrowserTest -->
</testsuite>
